[12-Feb-2025 11:39:42 UTC] Edu
[12-Feb-2025 11:39:42 UTC] Pino
[12-Feb-2025 11:39:42 UTC] 123456789
[12-Feb-2025 11:39:42 UTC] edu@gmail.com
[12-Feb-2025 11:39:42 UTC] edu
[12-Feb-2025 17:42:49 UTC] PHP Warning:  Trying to access array offset on null in /Users/edupinorodriguez/Desktop/php_projects/ProyectoDWES_08/api/login.php on line 14
[12-Feb-2025 17:42:49 UTC] PHP Warning:  Trying to access array offset on null in /Users/edupinorodriguez/Desktop/php_projects/ProyectoDWES_08/api/login.php on line 15
[12-Feb-2025 17:46:16 UTC] PHP Warning:  Trying to access array offset on null in /Users/edupinorodriguez/Desktop/php_projects/ProyectoDWES_08/api/login.php on line 14
[12-Feb-2025 17:46:16 UTC] PHP Warning:  Trying to access array offset on null in /Users/edupinorodriguez/Desktop/php_projects/ProyectoDWES_08/api/login.php on line 15
[12-Feb-2025 18:24:21 UTC] PHP Warning:  Trying to access array offset on null in /Users/edupinorodriguez/Desktop/php_projects/ProyectoDWES_08/api/login.php on line 14
[12-Feb-2025 18:24:21 UTC] PHP Warning:  Trying to access array offset on null in /Users/edupinorodriguez/Desktop/php_projects/ProyectoDWES_08/api/login.php on line 15
[12-Feb-2025 18:48:08 UTC] edu@gmail.com
[12-Feb-2025 18:48:08 UTC] edu
[12-Feb-2025 18:48:08 UTC] PHP Warning:  Undefined variable $pdo in /Users/edupinorodriguez/Desktop/php_projects/ProyectoDWES_08/api/login.php on line 34
[12-Feb-2025 18:48:08 UTC] PHP Fatal error:  Uncaught Error: Call to a member function prepare() on null in /Users/edupinorodriguez/Desktop/php_projects/ProyectoDWES_08/api/login.php:34
Stack trace:
#0 {main}
  thrown in /Users/edupinorodriguez/Desktop/php_projects/ProyectoDWES_08/api/login.php on line 34
[12-Feb-2025 18:51:02 UTC] manolo@gmail.com
[12-Feb-2025 18:51:02 UTC] manolo
[12-Feb-2025 18:51:02 UTC] PHP Warning:  Undefined variable $pdo in /Users/edupinorodriguez/Desktop/php_projects/ProyectoDWES_08/api/login.php on line 34
[12-Feb-2025 18:51:02 UTC] PHP Fatal error:  Uncaught Error: Call to a member function prepare() on null in /Users/edupinorodriguez/Desktop/php_projects/ProyectoDWES_08/api/login.php:34
Stack trace:
#0 {main}
  thrown in /Users/edupinorodriguez/Desktop/php_projects/ProyectoDWES_08/api/login.php on line 34
[12-Feb-2025 18:57:23 UTC] edu@gmail.com
[12-Feb-2025 18:57:23 UTC] edu
[12-Feb-2025 18:57:23 UTC] $2y$12$J7kDk5UnA2E9qCeGGtgF3OSzCE8Lr6rHnMZWI8o7P3lAOrRrS70Gy
[12-Feb-2025 18:57:23 UTC] 1
[12-Feb-2025 18:57:24 UTC] PHP Warning:  Undefined array key "EMAIL" in /Users/edupinorodriguez/Desktop/php_projects/ProyectoDWES_08/api/login.php on line 55
[13-Feb-2025 13:00:42 UTC] pepe@gmail.com
[13-Feb-2025 13:00:42 UTC] pep
[13-Feb-2025 13:00:42 UTC] $2y$12$9AZoqZeNqHO44.4QopXc8efDvh3V8TTvB7pTK3tiX/SlNVrzCmkb.
[13-Feb-2025 13:00:42 UTC] 4
[13-Feb-2025 13:00:49 UTC] pepe@gmail.com
[13-Feb-2025 13:00:49 UTC] pepe
[13-Feb-2025 13:00:49 UTC] $2y$12$9AZoqZeNqHO44.4QopXc8efDvh3V8TTvB7pTK3tiX/SlNVrzCmkb.
[13-Feb-2025 13:00:49 UTC] 4
[13-Feb-2025 13:00:49 UTC] PHP Warning:  Undefined array key "EMAIL" in /Users/edupinorodriguez/Desktop/php_projects/ProyectoDWES_08/api/login.php on line 55
[13-Feb-2025 13:01:04 UTC] pepe@gmail.com
[13-Feb-2025 13:01:04 UTC] pepe
[13-Feb-2025 13:01:04 UTC] $2y$12$9AZoqZeNqHO44.4QopXc8efDvh3V8TTvB7pTK3tiX/SlNVrzCmkb.
[13-Feb-2025 13:01:04 UTC] 4
[13-Feb-2025 13:01:04 UTC] PHP Warning:  Undefined array key "EMAIL" in /Users/edupinorodriguez/Desktop/php_projects/ProyectoDWES_08/api/login.php on line 55
[13-Feb-2025 13:23:08 UTC] edu@gmail.com
[13-Feb-2025 13:23:08 UTC] edu
[13-Feb-2025 13:23:08 UTC] $2y$12$J7kDk5UnA2E9qCeGGtgF3OSzCE8Lr6rHnMZWI8o7P3lAOrRrS70Gy
[13-Feb-2025 13:23:08 UTC] 1
[13-Feb-2025 13:23:08 UTC] PHP Warning:  Undefined array key "EMAIL" in /Users/edupinorodriguez/Desktop/php_projects/ProyectoDWES_08/api/login.php on line 55
[13-Feb-2025 13:26:53 UTC] edu@gmail.com
[13-Feb-2025 13:26:53 UTC] edu
[13-Feb-2025 13:26:53 UTC] $2y$12$J7kDk5UnA2E9qCeGGtgF3OSzCE8Lr6rHnMZWI8o7P3lAOrRrS70Gy
[13-Feb-2025 13:26:53 UTC] 1
[13-Feb-2025 13:26:53 UTC] PHP Warning:  Undefined array key "EMAIL" in /Users/edupinorodriguez/Desktop/php_projects/ProyectoDWES_08/api/login.php on line 55
[13-Feb-2025 13:27:04 UTC] pepe@gmail.com
[13-Feb-2025 13:27:04 UTC] pepe
[13-Feb-2025 13:27:04 UTC] $2y$12$9AZoqZeNqHO44.4QopXc8efDvh3V8TTvB7pTK3tiX/SlNVrzCmkb.
[13-Feb-2025 13:27:04 UTC] 4
[13-Feb-2025 13:27:05 UTC] PHP Warning:  Undefined array key "EMAIL" in /Users/edupinorodriguez/Desktop/php_projects/ProyectoDWES_08/api/login.php on line 55
[13-Feb-2025 13:27:58 UTC] pepe@gmail.com
[13-Feb-2025 13:27:58 UTC] pepe
[13-Feb-2025 13:27:58 UTC] $2y$12$9AZoqZeNqHO44.4QopXc8efDvh3V8TTvB7pTK3tiX/SlNVrzCmkb.
[13-Feb-2025 13:27:58 UTC] 4
[13-Feb-2025 13:41:45 UTC] PHP Warning:  Undefined array key "confirmPassword" in /Users/edupinorodriguez/Desktop/php_projects/ProyectoDWES_08/api/register.php on line 21
